<?xml version="1.0" encoding="UTF-8"?>
<!-- Generated by org.testng.reporters.JUnitXMLReporter -->
<testsuite hostname="Imad-PC" name="Test" tests="5" failures="0" timestamp="12 Dec 2015 20:59:50 GMT" time="226.047" errors="0">
  <testcase name="verifyLinks" time="13.758" classname="com.twc.imad.TwcProject.Ts001_Tc001_VerifyHeaderLinks"/>
  <testcase name="verifylogin" time="36.15" classname="com.twc.imad.TwcProject.Ts001_Tc002_VerifyInvalidLogin"/>
  <testcase name="verifyCurrentLocation" time="99.046" classname="com.twc.imad.TwcProject.Ts001_Tc003_ValidateCurrentLocation"/>
  <testcase name="verifySearchFunctionForKnownString" time="54.816" classname="com.twc.imad.TwcProject.Ts001_Tc004_ValidateSearchFunctionality"/>
  <testcase name="emailValidation" time="21.748" classname="com.twc.imad.TwcProject.Ts001_Tc005_ValidateInvalidEmailLogin"/>
</testsuite> <!-- Test -->
