<?xml version="1.0" encoding="UTF-8"?>
<!-- Generated by org.testng.reporters.JUnitXMLReporter -->
<testsuite hostname="Imad-PC" name="Test" tests="5" failures="0" timestamp="15 Dec 2015 16:44:12 GMT" time="258.568" errors="0">
  <testcase name="verifyLinks" time="3.031" classname="com.twc.imad.TwcProject.Ts001_Tc001_VerifyHeaderLinks"/>
  <testcase name="verifylogin" time="42.417" classname="com.twc.imad.TwcProject.Ts001_Tc002_VerifyInvalidLogin"/>
  <testcase name="verifyCurrentLocation" time="119.482" classname="com.twc.imad.TwcProject.Ts001_Tc003_ValidateCurrentLocation"/>
  <testcase name="verifySearchFunctionForKnownString" time="77.399" classname="com.twc.imad.TwcProject.Ts001_Tc004_ValidateSearchFunctionality"/>
  <testcase name="emailValidation" time="15.853" classname="com.twc.imad.TwcProject.Ts001_Tc005_ValidateInvalidEmailLogin"/>
</testsuite> <!-- Test -->
