<?xml version="1.0" encoding="UTF-8"?>
<testsuite name="TestSuite" time="258.185" tests="5" errors="0" skipped="0" failures="0">
  <properties>
[...]
</properties>
  <testcase name="verifyLinks" classname="com.twc.imad.TwcProject.Ts001_Tc001_VerifyHeaderLinks" time="3.024"/>
  <testcase name="verifylogin" classname="com.twc.imad.TwcProject.Ts001_Tc002_VerifyInvalidLogin" time="42.42"/>
  <testcase name="verifyCurrentLocation" classname="com.twc.imad.TwcProject.Ts001_Tc003_ValidateCurrentLocation" time="119.489"/>
  <testcase name="verifySearchFunctionForKnownString" classname="com.twc.imad.TwcProject.Ts001_Tc004_ValidateSearchFunctionality" time="77.399"/>
  <testcase name="emailValidation" classname="com.twc.imad.TwcProject.Ts001_Tc005_ValidateInvalidEmailLogin" time="15.853"/>
</testsuite>