<?xml version="1.0" encoding="UTF-8"?>
<testng-results skipped="0" failed="0" total="1" passed="1">
  <reporter-output>
  </reporter-output>
  <suite name="Default suite" duration-ms="2624" started-at="2015-12-15T17:32:58Z" finished-at="2015-12-15T17:33:00Z">
    <groups>
    </groups>
    <test name="Default test" duration-ms="2624" started-at="2015-12-15T17:32:58Z" finished-at="2015-12-15T17:33:00Z">
      <class name="com.twc.imad.TwcProject.Ts001_Tc001_VerifyHeaderLinks">
        <test-method status="PASS" signature="setUp()[pri:0, instance:com.twc.imad.TwcProject.Ts001_Tc001_VerifyHeaderLinks@f82f98]" name="setUp" is-config="true" duration-ms="72822" started-at="2015-12-15T12:31:45Z" finished-at="2015-12-15T12:32:58Z">
          <reporter-output>
          </reporter-output>
        </test-method> <!-- setUp -->
        <test-method status="PASS" signature="verifyLinks()[pri:0, instance:com.twc.imad.TwcProject.Ts001_Tc001_VerifyHeaderLinks@f82f98]" name="verifyLinks" duration-ms="2330" started-at="2015-12-15T12:32:58Z" description="Verify Header Links" finished-at="2015-12-15T12:33:00Z">
          <reporter-output>
          </reporter-output>
        </test-method> <!-- verifyLinks -->
        <test-method status="PASS" signature="handleScreenShot(org.testng.ITestResult)[pri:0, instance:com.twc.imad.TwcProject.Ts001_Tc001_VerifyHeaderLinks@f82f98]" name="handleScreenShot" is-config="true" duration-ms="240" started-at="2015-12-15T12:33:00Z" finished-at="2015-12-15T12:33:00Z">
          <params>
            <param index="0">
              <value>
                <![CDATA[[TestResult name=verifyLinks status=SUCCESS method=Ts001_Tc001_VerifyHeaderLinks.verifyLinks()[pri:0, instance:com.twc.imad.TwcProject.Ts001_Tc001_VerifyHeaderLinks@f82f98] output={null}]]]>
              </value>
            </param>
          </params>
          <reporter-output>
          </reporter-output>
        </test-method> <!-- handleScreenShot -->
        <test-method status="PASS" signature="closeBrowser()[pri:0, instance:com.twc.imad.TwcProject.Ts001_Tc001_VerifyHeaderLinks@f82f98]" name="closeBrowser" is-config="true" duration-ms="16906" started-at="2015-12-15T12:33:00Z" finished-at="2015-12-15T12:33:17Z">
          <reporter-output>
          </reporter-output>
        </test-method> <!-- closeBrowser -->
      </class> <!-- com.twc.imad.TwcProject.Ts001_Tc001_VerifyHeaderLinks -->
    </test> <!-- Default test -->
  </suite> <!-- Default suite -->
</testng-results>
